<?xml version="1.0" encoding="UTF-8"?>
<testng-results skipped="0" failed="0" ignored="0" total="1" passed="1">
  <reporter-output>
  </reporter-output>
  <suite name="Default suite" duration-ms="12298" started-at="2018-06-22T02:33:50Z" finished-at="2018-06-22T02:34:02Z">
    <groups>
    </groups>
    <test name="Default test" duration-ms="12298" started-at="2018-06-22T02:33:50Z" finished-at="2018-06-22T02:34:02Z">
      <class name="test.Selenium_Jenkins_Integration">
        <test-method status="PASS" signature="setup()[pri:0, instance:test.Selenium_Jenkins_Integration@724af044]" name="setup" is-config="true" duration-ms="6873" started-at="2018-06-22T02:33:50Z" finished-at="2018-06-22T02:33:57Z">
          <reporter-output>
          </reporter-output>
        </test-method> <!-- setup -->
        <test-method status="PASS" signature="test()[pri:0, instance:test.Selenium_Jenkins_Integration@724af044]" name="test" duration-ms="4016" started-at="2018-06-22T02:33:57Z" finished-at="2018-06-22T02:34:01Z">
          <reporter-output>
          </reporter-output>
        </test-method> <!-- test -->
        <test-method status="PASS" signature="teardown()[pri:0, instance:test.Selenium_Jenkins_Integration@724af044]" name="teardown" is-config="true" duration-ms="1342" started-at="2018-06-22T02:34:01Z" finished-at="2018-06-22T02:34:02Z">
          <reporter-output>
          </reporter-output>
        </test-method> <!-- teardown -->
      </class> <!-- test.Selenium_Jenkins_Integration -->
    </test> <!-- Default test -->
  </suite> <!-- Default suite -->
</testng-results>
